<?xml version="1.0" encoding="UTF-8"?>
<testng-results skipped="0" failed="0" total="1" passed="1">
  <reporter-output>
  </reporter-output>
  <suite name="Command line suite" duration-ms="50" started-at="2015-11-05T12:42:34Z" finished-at="2015-11-05T12:42:34Z">
    <groups>
    </groups>
    <test name="Command line test" duration-ms="50" started-at="2015-11-05T12:42:34Z" finished-at="2015-11-05T12:42:34Z">
      <class name="sherpath.edu.app.AppTest">
        <test-method status="PASS" signature="testApp()[pri:0, instance:testApp(sherpath.edu.app.AppTest)]" name="testApp" duration-ms="2" started-at="2015-11-05T06:42:34Z" finished-at="2015-11-05T06:42:34Z">
          <reporter-output>
          </reporter-output>
        </test-method> <!-- testApp -->
      </class> <!-- sherpath.edu.app.AppTest -->
    </test> <!-- Command line test -->
  </suite> <!-- Command line suite -->
</testng-results>
