<?xml version="1.0" encoding="UTF-8"?>
<!-- Generated by org.testng.reporters.JUnitXMLReporter -->
<testsuite hostname="HYDHTC100368L" name="Command line test" tests="1" failures="1" timestamp="5 Nov 2015 12:42:33 GMT" time="18.624" errors="0">
  <testcase name="sampleTest" time="18.595" classname="sherpath.edu.app.test.copy.TestClass">
    <failure type="java.lang.NullPointerException" message="null value in entry: url=null">
      <![CDATA[java.lang.NullPointerException: null value in entry: url=null
	at com.google.common.collect.CollectPreconditions.checkEntryNotNull(CollectPreconditions.java:33)
	at com.google.common.collect.SingletonImmutableBiMap.<init>(SingletonImmutableBiMap.java:39)
	at com.google.common.collect.ImmutableBiMap.of(ImmutableBiMap.java:57)
	at com.google.common.collect.ImmutableMap.of(ImmutableMap.java:80)
	at org.openqa.selenium.remote.RemoteWebDriver.get(RemoteWebDriver.java:311)
	at sherpath.edu.app.page.PageClass.launchUrl(PageClass.java:8)
	at sherpath.edu.app.test.copy.TestClass.sampleTest(TestClass.java:20)
... Removed 34 stack frames]]>
    </failure>
  </testcase> <!-- sampleTest -->
</testsuite> <!-- Command line test -->
